<?xml version="1.0" encoding="UTF-8"?>
<testsuite name="com.example.testingweb.SmokeTest" tests="1" skipped="0" failures="0" errors="0" timestamp="2023-01-10T14:47:04" hostname="JSILVAE-CL" time="0.022">
  <properties/>
  <testcase name="contextLoads()" classname="com.example.testingweb.SmokeTest" time="0.022"/>
  <system-out><![CDATA[2023-01-10 11:47:00.756  INFO 28240 --- [    Test worker] .b.t.c.SpringBootTestContextBootstrapper : Neither @ContextConfiguration nor @ContextHierarchy found for test class [com.example.testingweb.SmokeTest], using SpringBootContextLoader
2023-01-10 11:47:00.759  INFO 28240 --- [    Test worker] o.s.t.c.support.AbstractContextLoader    : Could not detect default resource locations for test class [com.example.testingweb.SmokeTest]: no resource found for suffixes {-context.xml, Context.groovy}.
2023-01-10 11:47:00.759  INFO 28240 --- [    Test worker] t.c.s.AnnotationConfigContextLoaderUtils : Could not detect default configuration classes for test class [com.example.testingweb.SmokeTest]: SmokeTest does not declare any static, non-private, non-final, nested classes annotated with @Configuration.
2023-01-10 11:47:00.763  INFO 28240 --- [    Test worker] .b.t.c.SpringBootTestContextBootstrapper : Found @SpringBootConfiguration com.example.testingweb.TestingWebApplication for test class com.example.testingweb.SmokeTest
2023-01-10 11:47:00.771  INFO 28240 --- [    Test worker] .b.t.c.SpringBootTestContextBootstrapper : Loaded default TestExecutionListener class names from location [META-INF/spring.factories]: [org.springframework.boot.test.autoconfigure.restdocs.RestDocsTestExecutionListener, org.springframework.boot.test.autoconfigure.web.client.MockRestServiceServerResetTestExecutionListener, org.springframework.boot.test.autoconfigure.web.servlet.MockMvcPrintOnlyOnFailureTestExecutionListener, org.springframework.boot.test.autoconfigure.web.servlet.WebDriverTestExecutionListener, org.springframework.boot.test.autoconfigure.webservices.client.MockWebServiceServerTestExecutionListener, org.springframework.boot.test.mock.mockito.MockitoTestExecutionListener, org.springframework.boot.test.mock.mockito.ResetMocksTestExecutionListener, org.springframework.test.context.web.ServletTestExecutionListener, org.springframework.test.context.support.DirtiesContextBeforeModesTestExecutionListener, org.springframework.test.context.event.ApplicationEventsTestExecutionListener, org.springframework.test.context.support.DependencyInjectionTestExecutionListener, org.springframework.test.context.support.DirtiesContextTestExecutionListener, org.springframework.test.context.transaction.TransactionalTestExecutionListener, org.springframework.test.context.jdbc.SqlScriptsTestExecutionListener, org.springframework.test.context.event.EventPublishingTestExecutionListener]
2023-01-10 11:47:00.776  INFO 28240 --- [    Test worker] .b.t.c.SpringBootTestContextBootstrapper : Using TestExecutionListeners: [org.springframework.test.context.web.ServletTestExecutionListener@6ca14468, org.springframework.test.context.support.DirtiesContextBeforeModesTestExecutionListener@7d777d6b, org.springframework.test.context.event.ApplicationEventsTestExecutionListener@1c4e94c4, org.springframework.boot.test.mock.mockito.MockitoTestExecutionListener@a850184, org.springframework.boot.test.autoconfigure.SpringBootDependencyInjectionTestExecutionListener@6ce186b8, org.springframework.test.context.support.DirtiesContextTestExecutionListener@2abb226a, org.springframework.test.context.event.EventPublishingTestExecutionListener@42bb7b4d, org.springframework.boot.test.autoconfigure.restdocs.RestDocsTestExecutionListener@6010cbbf, org.springframework.boot.test.autoconfigure.web.client.MockRestServiceServerResetTestExecutionListener@244543, org.springframework.boot.test.autoconfigure.web.servlet.MockMvcPrintOnlyOnFailureTestExecutionListener@737f9f5f, org.springframework.boot.test.autoconfigure.web.servlet.WebDriverTestExecutionListener@6a07f36e, org.springframework.boot.test.autoconfigure.webservices.client.MockWebServiceServerTestExecutionListener@c2c90a2, org.springframework.boot.test.mock.mockito.ResetMocksTestExecutionListener@2e00d239]

  .   ____          _            __ _ _
 /\\ / ___'_ __ _ _(_)_ __  __ _ \ \ \ \
( ( )\___ | '_ | '_| | '_ \/ _` | \ \ \ \
 \\/  ___)| |_)| | | | | || (_| |  ) ) ) )
  '  |____| .__|_| |_|_| |_\__, | / / / /
 =========|_|==============|___/=/_/_/_/
 :: Spring Boot ::                (v2.6.3)

2023-01-10 11:47:00.931  INFO 28240 --- [    Test worker] com.example.testingweb.SmokeTest         : Starting SmokeTest using Java 11.0.16.1 on JSILVAE-CL with PID 28240 (started by jsilvae in C:\Users\jsilvae\Documents\clase-github\microservicio-spring)
2023-01-10 11:47:00.932  INFO 28240 --- [    Test worker] com.example.testingweb.SmokeTest         : No active profile set, falling back to default profiles: default
2023-01-10 11:47:04.649  INFO 28240 --- [    Test worker] com.example.testingweb.SmokeTest         : Started SmokeTest in 3.844 seconds (JVM running for 30.406)
]]></system-out>
  <system-err><![CDATA[]]></system-err>
</testsuite>
