<?xml version="1.0" encoding="UTF-8"?>
<testsuite name="com.example.testingweb.TestingWebApplicationTest" tests="2" skipped="0" failures="0" errors="0" timestamp="2023-01-10T14:47:08" hostname="JSILVAE-CL" time="1.609">
  <properties/>
  <testcase name="shouldReturnDefaultMessage()" classname="com.example.testingweb.TestingWebApplicationTest" time="0.198"/>
  <testcase name="shouldTestMain()" classname="com.example.testingweb.TestingWebApplicationTest" time="1.408"/>
  <system-out><![CDATA[2023-01-10 11:47:04.732  INFO 28240 --- [    Test worker] .b.t.c.SpringBootTestContextBootstrapper : Neither @ContextConfiguration nor @ContextHierarchy found for test class [com.example.testingweb.TestingWebApplicationTest], using SpringBootContextLoader
2023-01-10 11:47:04.736  INFO 28240 --- [    Test worker] o.s.t.c.support.AbstractContextLoader    : Could not detect default resource locations for test class [com.example.testingweb.TestingWebApplicationTest]: no resource found for suffixes {-context.xml, Context.groovy}.
2023-01-10 11:47:04.737  INFO 28240 --- [    Test worker] t.c.s.AnnotationConfigContextLoaderUtils : Could not detect default configuration classes for test class [com.example.testingweb.TestingWebApplicationTest]: TestingWebApplicationTest does not declare any static, non-private, non-final, nested classes annotated with @Configuration.
2023-01-10 11:47:04.768  INFO 28240 --- [    Test worker] .b.t.c.SpringBootTestContextBootstrapper : Found @SpringBootConfiguration com.example.testingweb.TestingWebApplication for test class com.example.testingweb.TestingWebApplicationTest
2023-01-10 11:47:04.777  INFO 28240 --- [    Test worker] .b.t.c.SpringBootTestContextBootstrapper : Loaded default TestExecutionListener class names from location [META-INF/spring.factories]: [org.springframework.boot.test.autoconfigure.restdocs.RestDocsTestExecutionListener, org.springframework.boot.test.autoconfigure.web.client.MockRestServiceServerResetTestExecutionListener, org.springframework.boot.test.autoconfigure.web.servlet.MockMvcPrintOnlyOnFailureTestExecutionListener, org.springframework.boot.test.autoconfigure.web.servlet.WebDriverTestExecutionListener, org.springframework.boot.test.autoconfigure.webservices.client.MockWebServiceServerTestExecutionListener, org.springframework.boot.test.mock.mockito.MockitoTestExecutionListener, org.springframework.boot.test.mock.mockito.ResetMocksTestExecutionListener, org.springframework.test.context.web.ServletTestExecutionListener, org.springframework.test.context.support.DirtiesContextBeforeModesTestExecutionListener, org.springframework.test.context.event.ApplicationEventsTestExecutionListener, org.springframework.test.context.support.DependencyInjectionTestExecutionListener, org.springframework.test.context.support.DirtiesContextTestExecutionListener, org.springframework.test.context.transaction.TransactionalTestExecutionListener, org.springframework.test.context.jdbc.SqlScriptsTestExecutionListener, org.springframework.test.context.event.EventPublishingTestExecutionListener]
2023-01-10 11:47:04.783  INFO 28240 --- [    Test worker] .b.t.c.SpringBootTestContextBootstrapper : Using TestExecutionListeners: [org.springframework.test.context.web.ServletTestExecutionListener@4559807d, org.springframework.test.context.support.DirtiesContextBeforeModesTestExecutionListener@4715fb00, org.springframework.test.context.event.ApplicationEventsTestExecutionListener@470a47b2, org.springframework.boot.test.mock.mockito.MockitoTestExecutionListener@19f4e7f2, org.springframework.boot.test.autoconfigure.SpringBootDependencyInjectionTestExecutionListener@10a7c6d9, org.springframework.test.context.support.DirtiesContextTestExecutionListener@7882e236, org.springframework.test.context.event.EventPublishingTestExecutionListener@6d200d43, org.springframework.boot.test.autoconfigure.restdocs.RestDocsTestExecutionListener@53d5ac62, org.springframework.boot.test.autoconfigure.web.client.MockRestServiceServerResetTestExecutionListener@7dea29cf, org.springframework.boot.test.autoconfigure.web.servlet.MockMvcPrintOnlyOnFailureTestExecutionListener@1216e716, org.springframework.boot.test.autoconfigure.web.servlet.WebDriverTestExecutionListener@7fb1ba02, org.springframework.boot.test.autoconfigure.webservices.client.MockWebServiceServerTestExecutionListener@179af2a, org.springframework.boot.test.mock.mockito.ResetMocksTestExecutionListener@2df14a9b]

  .   ____          _            __ _ _
 /\\ / ___'_ __ _ _(_)_ __  __ _ \ \ \ \
( ( )\___ | '_ | '_| | '_ \/ _` | \ \ \ \
 \\/  ___)| |_)| | | | | || (_| |  ) ) ) )
  '  |____| .__|_| |_|_| |_\__, | / / / /
 =========|_|==============|___/=/_/_/_/
 :: Spring Boot ::                (v2.6.3)

2023-01-10 11:47:04.936  INFO 28240 --- [    Test worker] c.e.t.TestingWebApplicationTest          : Starting TestingWebApplicationTest using Java 11.0.16.1 on JSILVAE-CL with PID 28240 (started by jsilvae in C:\Users\jsilvae\Documents\clase-github\microservicio-spring)
2023-01-10 11:47:04.937  INFO 28240 --- [    Test worker] c.e.t.TestingWebApplicationTest          : No active profile set, falling back to default profiles: default
2023-01-10 11:47:08.281  INFO 28240 --- [    Test worker] o.s.b.t.m.w.SpringBootMockServletContext : Initializing Spring TestDispatcherServlet ''
2023-01-10 11:47:08.282  INFO 28240 --- [    Test worker] o.s.t.web.servlet.TestDispatcherServlet  : Initializing Servlet ''
2023-01-10 11:47:08.285  INFO 28240 --- [    Test worker] o.s.t.web.servlet.TestDispatcherServlet  : Completed initialization in 3 ms
2023-01-10 11:47:08.372  INFO 28240 --- [    Test worker] c.e.t.TestingWebApplicationTest          : Started TestingWebApplicationTest in 3.577 seconds (JVM running for 34.129)

MockHttpServletRequest:
      HTTP Method = GET
      Request URI = /
       Parameters = {}
          Headers = []
             Body = null
    Session Attrs = {}

Handler:
             Type = com.example.testingweb.HomeController
           Method = com.example.testingweb.HomeController#greeting()

Async:
    Async started = false
     Async result = null

Resolved Exception:
             Type = null

ModelAndView:
        View name = null
             View = null
            Model = null

FlashMap:
       Attributes = null

MockHttpServletResponse:
           Status = 200
    Error message = null
          Headers = [Content-Type:"text/plain;charset=UTF-8", Content-Length:"53"]
     Content type = text/plain;charset=UTF-8
             Body = Finaliza el curso DevOps Foundation v3. Jose Silva E.
    Forwarded URL = null
   Redirected URL = null
          Cookies = []

  .   ____          _            __ _ _
 /\\ / ___'_ __ _ _(_)_ __  __ _ \ \ \ \
( ( )\___ | '_ | '_| | '_ \/ _` | \ \ \ \
 \\/  ___)| |_)| | | | | || (_| |  ) ) ) )
  '  |____| .__|_| |_|_| |_\__, | / / / /
 =========|_|==============|___/=/_/_/_/
 :: Spring Boot ::                (v2.6.3)

2023-01-10 11:47:08.769  INFO 28240 --- [    Test worker] c.e.testingweb.TestingWebApplication     : Starting TestingWebApplication using Java 11.0.16.1 on JSILVAE-CL with PID 28240 (started by jsilvae in C:\Users\jsilvae\Documents\clase-github\microservicio-spring)
2023-01-10 11:47:08.770  INFO 28240 --- [    Test worker] c.e.testingweb.TestingWebApplication     : No active profile set, falling back to default profiles: default
2023-01-10 11:47:09.526  INFO 28240 --- [    Test worker] o.s.b.w.embedded.tomcat.TomcatWebServer  : Tomcat initialized with port(s): 8080 (http)
2023-01-10 11:47:09.529  INFO 28240 --- [    Test worker] o.apache.catalina.core.StandardService   : Starting service [Tomcat]
2023-01-10 11:47:09.530  INFO 28240 --- [    Test worker] org.apache.catalina.core.StandardEngine  : Starting Servlet engine: [Apache Tomcat/9.0.56]
2023-01-10 11:47:09.720  INFO 28240 --- [    Test worker] o.a.c.c.C.[Tomcat-1].[localhost].[/]     : Initializing Spring embedded WebApplicationContext
2023-01-10 11:47:09.721  INFO 28240 --- [    Test worker] w.s.c.ServletWebServerApplicationContext : Root WebApplicationContext: initialization completed in 939 ms
2023-01-10 11:47:09.986  INFO 28240 --- [    Test worker] o.s.b.w.embedded.tomcat.TomcatWebServer  : Tomcat started on port(s): 8080 (http) with context path ''
2023-01-10 11:47:09.994  INFO 28240 --- [    Test worker] c.e.testingweb.TestingWebApplication     : Started TestingWebApplication in 1.369 seconds (JVM running for 35.751)
]]></system-out>
  <system-err><![CDATA[]]></system-err>
</testsuite>
